<?xml version="1.0" encoding="UTF-8"?>
<testng-results ignored="0" total="2" passed="2" failed="0" skipped="0">
  <reporter-output>
  </reporter-output>
  <suite started-at="2024-09-07T18:01:43 IST" name="Suite" finished-at="2024-09-07T18:01:59 IST" duration-ms="15286">
    <groups>
      <group name="Master">
        <method signature="TC01_AccountRegistrationTest.validations()[pri:0, instance:testCases.TC01_AccountRegistrationTest@5e1fa5b1]" name="validations" class="testCases.TC01_AccountRegistrationTest"/>
        <method signature="TC02_LoginTest.verify_login()[pri:0, instance:testCases.TC02_LoginTest@3e821657]" name="verify_login" class="testCases.TC02_LoginTest"/>
      </group> <!-- Master -->
      <group name="Sanity">
        <method signature="TC02_LoginTest.verify_login()[pri:0, instance:testCases.TC02_LoginTest@3e821657]" name="verify_login" class="testCases.TC02_LoginTest"/>
      </group> <!-- Sanity -->
      <group name="Regression">
        <method signature="TC01_AccountRegistrationTest.validations()[pri:0, instance:testCases.TC01_AccountRegistrationTest@5e1fa5b1]" name="validations" class="testCases.TC01_AccountRegistrationTest"/>
      </group> <!-- Regression -->
    </groups>
    <test started-at="2024-09-07T18:01:43 IST" name="Test" finished-at="2024-09-07T18:01:59 IST" duration-ms="15286">
      <class name="testCases.TC01_AccountRegistrationTest">
        <test-method is-config="true" signature="setup(java.lang.String,java.lang.String)[pri:0, instance:testCases.TC01_AccountRegistrationTest@5e1fa5b1]" started-at="2024-09-07T18:01:44 IST" name="setup" finished-at="2024-09-07T18:01:49 IST" duration-ms="5145" status="PASS">
          <params>
            <param index="0">
              <value>
                <![CDATA[Windows]]>
              </value>
            </param>
            <param index="1">
              <value>
                <![CDATA[chrome]]>
              </value>
            </param>
          </params>
          <reporter-output>
          </reporter-output>
        </test-method> <!-- setup -->
        <test-method signature="validations()[pri:0, instance:testCases.TC01_AccountRegistrationTest@5e1fa5b1]" started-at="2024-09-07T18:01:49 IST" name="validations" finished-at="2024-09-07T18:01:51 IST" duration-ms="2602" status="PASS">
          <reporter-output>
          </reporter-output>
        </test-method> <!-- validations -->
        <test-method is-config="true" signature="signoff()[pri:0, instance:testCases.TC01_AccountRegistrationTest@5e1fa5b1]" started-at="2024-09-07T18:01:51 IST" name="signoff" finished-at="2024-09-07T18:01:52 IST" duration-ms="725" status="PASS">
          <reporter-output>
          </reporter-output>
        </test-method> <!-- signoff -->
      </class> <!-- testCases.TC01_AccountRegistrationTest -->
      <class name="testCases.TC02_LoginTest">
        <test-method is-config="true" signature="setup(java.lang.String,java.lang.String)[pri:0, instance:testCases.TC02_LoginTest@3e821657]" started-at="2024-09-07T18:01:52 IST" name="setup" finished-at="2024-09-07T18:01:56 IST" duration-ms="4256" status="PASS">
          <params>
            <param index="0">
              <value>
                <![CDATA[Windows]]>
              </value>
            </param>
            <param index="1">
              <value>
                <![CDATA[chrome]]>
              </value>
            </param>
          </params>
          <reporter-output>
          </reporter-output>
        </test-method> <!-- setup -->
        <test-method signature="verify_login()[pri:0, instance:testCases.TC02_LoginTest@3e821657]" started-at="2024-09-07T18:01:56 IST" name="verify_login" finished-at="2024-09-07T18:01:58 IST" duration-ms="1759" status="PASS">
          <reporter-output>
          </reporter-output>
        </test-method> <!-- verify_login -->
        <test-method is-config="true" signature="signoff()[pri:0, instance:testCases.TC02_LoginTest@3e821657]" started-at="2024-09-07T18:01:58 IST" name="signoff" finished-at="2024-09-07T18:01:59 IST" duration-ms="377" status="PASS">
          <reporter-output>
          </reporter-output>
        </test-method> <!-- signoff -->
      </class> <!-- testCases.TC02_LoginTest -->
    </test> <!-- Test -->
  </suite> <!-- Suite -->
</testng-results>
