<?xml version="1.0" encoding="UTF-8"?>
<testng-results ignored="0" total="2" passed="2" failed="0" skipped="0">
  <reporter-output>
  </reporter-output>
  <suite started-at="2024-09-07T17:06:10 IST" name="Suite" finished-at="2024-09-07T17:06:23 IST" duration-ms="13782">
    <groups>
      <group name="Master">
        <method signature="TC01_AccountRegistrationTest.validations()[pri:0, instance:testCases.TC01_AccountRegistrationTest@6a988392]" name="validations" class="testCases.TC01_AccountRegistrationTest"/>
        <method signature="TC02_LoginTest.verify_login()[pri:0, instance:testCases.TC02_LoginTest@5f2606b]" name="verify_login" class="testCases.TC02_LoginTest"/>
      </group> <!-- Master -->
      <group name="Sanity">
        <method signature="TC02_LoginTest.verify_login()[pri:0, instance:testCases.TC02_LoginTest@5f2606b]" name="verify_login" class="testCases.TC02_LoginTest"/>
      </group> <!-- Sanity -->
      <group name="Regression">
        <method signature="TC01_AccountRegistrationTest.validations()[pri:0, instance:testCases.TC01_AccountRegistrationTest@6a988392]" name="validations" class="testCases.TC01_AccountRegistrationTest"/>
      </group> <!-- Regression -->
    </groups>
    <test started-at="2024-09-07T17:06:10 IST" name="Test" finished-at="2024-09-07T17:06:23 IST" duration-ms="13782">
      <class name="testCases.TC01_AccountRegistrationTest">
        <test-method is-config="true" signature="setup(java.lang.String,java.lang.String)[pri:0, instance:testCases.TC01_AccountRegistrationTest@6a988392]" started-at="2024-09-07T17:06:10 IST" name="setup" finished-at="2024-09-07T17:06:15 IST" duration-ms="5553" status="PASS">
          <params>
            <param index="0">
              <value>
                <![CDATA[Windows]]>
              </value>
            </param>
            <param index="1">
              <value>
                <![CDATA[chrome]]>
              </value>
            </param>
          </params>
          <reporter-output>
          </reporter-output>
        </test-method> <!-- setup -->
        <test-method signature="validations()[pri:0, instance:testCases.TC01_AccountRegistrationTest@6a988392]" started-at="2024-09-07T17:06:16 IST" name="validations" finished-at="2024-09-07T17:06:18 IST" duration-ms="2369" status="PASS">
          <reporter-output>
          </reporter-output>
        </test-method> <!-- validations -->
        <test-method is-config="true" signature="signoff()[pri:0, instance:testCases.TC01_AccountRegistrationTest@6a988392]" started-at="2024-09-07T17:06:18 IST" name="signoff" finished-at="2024-09-07T17:06:18 IST" duration-ms="224" status="PASS">
          <reporter-output>
          </reporter-output>
        </test-method> <!-- signoff -->
      </class> <!-- testCases.TC01_AccountRegistrationTest -->
      <class name="testCases.TC02_LoginTest">
        <test-method is-config="true" signature="setup(java.lang.String,java.lang.String)[pri:0, instance:testCases.TC02_LoginTest@5f2606b]" started-at="2024-09-07T17:06:18 IST" name="setup" finished-at="2024-09-07T17:06:21 IST" duration-ms="3337" status="PASS">
          <params>
            <param index="0">
              <value>
                <![CDATA[Windows]]>
              </value>
            </param>
            <param index="1">
              <value>
                <![CDATA[chrome]]>
              </value>
            </param>
          </params>
          <reporter-output>
          </reporter-output>
        </test-method> <!-- setup -->
        <test-method signature="verify_login()[pri:0, instance:testCases.TC02_LoginTest@5f2606b]" started-at="2024-09-07T17:06:21 IST" name="verify_login" finished-at="2024-09-07T17:06:23 IST" duration-ms="1742" status="PASS">
          <reporter-output>
          </reporter-output>
        </test-method> <!-- verify_login -->
        <test-method is-config="true" signature="signoff()[pri:0, instance:testCases.TC02_LoginTest@5f2606b]" started-at="2024-09-07T17:06:23 IST" name="signoff" finished-at="2024-09-07T17:06:23 IST" duration-ms="195" status="PASS">
          <reporter-output>
          </reporter-output>
        </test-method> <!-- signoff -->
      </class> <!-- testCases.TC02_LoginTest -->
    </test> <!-- Test -->
  </suite> <!-- Suite -->
</testng-results>
